Dataset-org\annotation\asiatic rice borer\01867-1.xml
Dataset-org\annotation\asiatic rice borer\01867-2.xml
Dataset-org\annotation\asiatic rice borer\01867-3.xml
Dataset-org\annotation\asiatic rice borer\01867-4.xml
Dataset-org\annotation\asiatic rice borer\01872-2.xml
Dataset-org\annotation\asiatic rice borer\01872-3.xml
Dataset-org\annotation\asiatic rice borer\01873-1.xml
Dataset-org\annotation\asiatic rice borer\01873-2.xml
Dataset-org\annotation\asiatic rice borer\01873-3.xml
Dataset-org\annotation\asiatic rice borer\01875-1.xml
Dataset-org\annotation\asiatic rice borer\01875-2.xml
Dataset-org\annotation\asiatic rice borer\01875-3.xml
Dataset-org\annotation\asiatic rice borer\01875-4.xml
Dataset-org\annotation\asiatic rice borer\01879-1.xml
Dataset-org\annotation\asiatic rice borer\01879-3.xml
Dataset-org\annotation\asiatic rice borer\01885-1.xml
Dataset-org\annotation\asiatic rice borer\01898-1.xml
Dataset-org\annotation\asiatic rice borer\01898-2.xml
Dataset-org\annotation\asiatic rice borer\01898-3.xml
Dataset-org\annotation\asiatic rice borer\01898-4.xml
Dataset-org\annotation\asiatic rice borer\01898-5.xml
Dataset-org\annotation\asiatic rice borer\01898-6.xml
Dataset-org\annotation\asiatic rice borer\01904-2.xml
Dataset-org\annotation\asiatic rice borer\01908-1.xml
Dataset-org\annotation\asiatic rice borer\01909-1.xml
Dataset-org\annotation\asiatic rice borer\01909-2.xml
Dataset-org\annotation\asiatic rice borer\01912-1.xml
Dataset-org\annotation\asiatic rice borer\01912-2.xml
Dataset-org\annotation\asiatic rice borer\01912-3.xml
Dataset-org\annotation\asiatic rice borer\01912-4.xml
Dataset-org\annotation\asiatic rice borer\01917-1.xml
Dataset-org\annotation\asiatic rice borer\01917-2.xml
Dataset-org\annotation\asiatic rice borer\01917-3.xml
Dataset-org\annotation\asiatic rice borer\01918-1.xml
Dataset-org\annotation\asiatic rice borer\01928-1.xml
Dataset-org\annotation\asiatic rice borer\01934-1.xml
Dataset-org\annotation\asiatic rice borer\01934-2.xml
Dataset-org\annotation\asiatic rice borer\01938-1.xml
Dataset-org\annotation\asiatic rice borer\01938-2.xml
Dataset-org\annotation\asiatic rice borer\01939-1.xml
Dataset-org\annotation\asiatic rice borer\01941-1.xml
Dataset-org\annotation\asiatic rice borer\01941-2.xml
Dataset-org\annotation\asiatic rice borer\01941-3.xml
Dataset-org\annotation\asiatic rice borer\01942-1.xml
Dataset-org\annotation\asiatic rice borer\01942-2.xml
Dataset-org\annotation\asiatic rice borer\01947-1.xml
Dataset-org\annotation\asiatic rice borer\01947-2.xml
Dataset-org\annotation\asiatic rice borer\01947-3.xml
Dataset-org\annotation\asiatic rice borer\01949-1.xml
Dataset-org\annotation\asiatic rice borer\01949-2.xml
Dataset-org\annotation\asiatic rice borer\01954-1.xml
Dataset-org\annotation\asiatic rice borer\01965-1.xml
Dataset-org\annotation\asiatic rice borer\01965-2.xml
Dataset-org\annotation\asiatic rice borer\01967-1.xml
Dataset-org\annotation\asiatic rice borer\01967-2.xml
Dataset-org\annotation\asiatic rice borer\01973-1.xml
Dataset-org\annotation\asiatic rice borer\01973-4.xml
Dataset-org\annotation\asiatic rice borer\01999-1.xml
Dataset-org\annotation\asiatic rice borer\02008-1.xml
Dataset-org\annotation\asiatic rice borer\02020-1.xml
Dataset-org\annotation\asiatic rice borer\02022-a.xml
Dataset-org\annotation\asiatic rice borer\02026-1.xml
Dataset-org\annotation\asiatic rice borer\02026-2.xml
Dataset-org\annotation\asiatic rice borer\02026-3.xml
Dataset-org\annotation\asiatic rice borer\02035-1.xml
Dataset-org\annotation\paddy stem maggot\01602-1.xml
Dataset-org\annotation\paddy stem maggot\01602-2.xml
Dataset-org\annotation\paddy stem maggot\01602-3.xml
Dataset-org\annotation\paddy stem maggot\01602-4.xml
Dataset-org\annotation\paddy stem maggot\01602-5.xml
Dataset-org\annotation\paddy stem maggot\01602-6.xml
Dataset-org\annotation\paddy stem maggot\01602-7.xml
Dataset-org\annotation\paddy stem maggot\01605-1.xml
Dataset-org\annotation\paddy stem maggot\01606-1.xml
Dataset-org\annotation\paddy stem maggot\01606-2.xml
Dataset-org\annotation\paddy stem maggot\01606-3.xml
Dataset-org\annotation\paddy stem maggot\01610-1.xml
Dataset-org\annotation\paddy stem maggot\01610-2.xml
Dataset-org\annotation\paddy stem maggot\01610-3.xml
Dataset-org\annotation\paddy stem maggot\01610-4.xml
Dataset-org\annotation\paddy stem maggot\01611-1.xml
Dataset-org\annotation\paddy stem maggot\01611-2.xml
Dataset-org\annotation\paddy stem maggot\01611-3.xml
Dataset-org\annotation\paddy stem maggot\01611-4.xml
Dataset-org\annotation\paddy stem maggot\01611-5.xml
Dataset-org\annotation\paddy stem maggot\01611-6.xml
Dataset-org\annotation\paddy stem maggot\01611-7.xml
Dataset-org\annotation\paddy stem maggot\01613-1.xml
Dataset-org\annotation\paddy stem maggot\01613-2.xml
Dataset-org\annotation\paddy stem maggot\01613-3.xml
Dataset-org\annotation\paddy stem maggot\01613-4.xml
Dataset-org\annotation\paddy stem maggot\01613-5.xml
Dataset-org\annotation\paddy stem maggot\01616-1.xml
Dataset-org\annotation\paddy stem maggot\01616-2.xml
Dataset-org\annotation\paddy stem maggot\01616-3.xml
Dataset-org\annotation\paddy stem maggot\01626-1.xml
Dataset-org\annotation\paddy stem maggot\01627-1.xml
Dataset-org\annotation\paddy stem maggot\01627-2.xml
Dataset-org\annotation\paddy stem maggot\01627-3.xml
Dataset-org\annotation\paddy stem maggot\01636-1.xml
Dataset-org\annotation\paddy stem maggot\01636-2.xml
Dataset-org\annotation\paddy stem maggot\01636-3.xml
Dataset-org\annotation\paddy stem maggot\01637-1.xml
Dataset-org\annotation\paddy stem maggot\01637-2.xml
Dataset-org\annotation\paddy stem maggot\01644-1.xml
Dataset-org\annotation\paddy stem maggot\01645-1.xml
Dataset-org\annotation\paddy stem maggot\01645-2.xml
Dataset-org\annotation\paddy stem maggot\01645-3.xml
Dataset-org\annotation\paddy stem maggot\01647-1.xml
Dataset-org\annotation\paddy stem maggot\01648-1.xml
Dataset-org\annotation\paddy stem maggot\01655-1.xml
Dataset-org\annotation\paddy stem maggot\01656-1.xml
Dataset-org\annotation\paddy stem maggot\01656-2.xml
Dataset-org\annotation\paddy stem maggot\01656-3.xml
Dataset-org\annotation\paddy stem maggot\01656-4.xml
Dataset-org\annotation\paddy stem maggot\01659-1.xml
Dataset-org\annotation\paddy stem maggot\01659-2.xml
Dataset-org\annotation\paddy stem maggot\01660-1.xml
Dataset-org\annotation\paddy stem maggot\01661-1.xml
Dataset-org\annotation\paddy stem maggot\01674-1.xml
Dataset-org\annotation\paddy stem maggot\01688-1.xml
Dataset-org\annotation\paddy stem maggot\01688-2.xml
Dataset-org\annotation\paddy stem maggot\01696-1.xml
Dataset-org\annotation\paddy stem maggot\01696-2.xml
Dataset-org\annotation\paddy stem maggot\01700-1.xml
Dataset-org\annotation\paddy stem maggot\01700-2.xml
Dataset-org\annotation\paddy stem maggot\01704-1.xml
Dataset-org\annotation\paddy stem maggot\01704-2.xml
Dataset-org\annotation\paddy stem maggot\01704-3.xml
Dataset-org\annotation\paddy stem maggot\01704-4.xml
Dataset-org\annotation\paddy stem maggot\01704-5.xml
Dataset-org\annotation\paddy stem maggot\01704-6.xml
Dataset-org\annotation\paddy stem maggot\01704-7.xml
Dataset-org\annotation\paddy stem maggot\01704-8.xml
Dataset-org\annotation\paddy stem maggot\01713-1.xml
Dataset-org\annotation\paddy stem maggot\01717-1.xml
Dataset-org\annotation\paddy stem maggot\01724-1.xml
Dataset-org\annotation\paddy stem maggot\01724-2.xml
Dataset-org\annotation\paddy stem maggot\01730-1.xml
Dataset-org\annotation\paddy stem maggot\01738-1.xml
Dataset-org\annotation\paddy stem maggot\01738-2.xml
Dataset-org\annotation\paddy stem maggot\01738-3.xml
Dataset-org\annotation\paddy stem maggot\01745-1.xml
Dataset-org\annotation\paddy stem maggot\01745-2.xml
Dataset-org\annotation\paddy stem maggot\01750-1.xml
Dataset-org\annotation\paddy stem maggot\01750-2.xml
Dataset-org\annotation\paddy stem maggot\01761-1.xml
Dataset-org\annotation\rice leaf caterpillar\01115-1.xml
Dataset-org\annotation\rice leaf caterpillar\01115-2.xml
Dataset-org\annotation\rice leaf caterpillar\01115-3.xml
Dataset-org\annotation\rice leaf caterpillar\01115-4.xml
Dataset-org\annotation\rice leaf caterpillar\01115-6.xml
Dataset-org\annotation\rice leaf caterpillar\01115-7.xml
Dataset-org\annotation\rice leaf caterpillar\01133-1.xml
Dataset-org\annotation\rice leaf caterpillar\01136-1.xml
Dataset-org\annotation\rice leaf caterpillar\01140-1.xml
Dataset-org\annotation\rice leaf caterpillar\01140-2.xml
Dataset-org\annotation\rice leaf caterpillar\01154-1.xml
Dataset-org\annotation\rice leaf caterpillar\01169-1.xml
Dataset-org\annotation\rice leaf caterpillar\01169-2.xml
Dataset-org\annotation\rice leaf caterpillar\01169-3.xml
Dataset-org\annotation\rice leaf caterpillar\01185-1.xml
Dataset-org\annotation\rice leaf caterpillar\01185-2.xml
Dataset-org\annotation\rice leaf caterpillar\01185-3.xml
Dataset-org\annotation\rice leaf caterpillar\01185-4.xml
Dataset-org\annotation\rice leaf caterpillar\01186-1.xml
Dataset-org\annotation\rice leaf caterpillar\01186-2.xml
Dataset-org\annotation\rice leaf caterpillar\01186-3.xml
Dataset-org\annotation\rice leaf caterpillar\01186-4.xml
Dataset-org\annotation\rice leaf caterpillar\01186-5.xml
Dataset-org\annotation\rice leaf caterpillar\01186-6.xml
Dataset-org\annotation\rice leaf caterpillar\01200-1.xml
Dataset-org\annotation\rice leaf caterpillar\01202-1.xml
Dataset-org\annotation\rice leaf caterpillar\01208-1.xml
Dataset-org\annotation\rice leaf caterpillar\01208-2.xml
Dataset-org\annotation\rice leaf caterpillar\01208-3.xml
Dataset-org\annotation\rice leaf caterpillar\01217-1.xml
Dataset-org\annotation\rice leaf caterpillar\01238-1.xml
Dataset-org\annotation\rice leaf caterpillar\01239-1.xml
Dataset-org\annotation\rice leaf caterpillar\01239-2.xml
Dataset-org\annotation\rice leaf caterpillar\01245-1.xml
Dataset-org\annotation\rice leaf caterpillar\01248-1.xml
Dataset-org\annotation\rice leaf caterpillar\01270-1.xml
Dataset-org\annotation\rice leaf caterpillar\01276-1.xml
Dataset-org\annotation\rice leaf caterpillar\01276-2.xml
Dataset-org\annotation\rice leaf caterpillar\01276-3.xml
Dataset-org\annotation\rice leaf caterpillar\01276-4.xml
Dataset-org\annotation\rice leaf caterpillar\01276-5.xml
Dataset-org\annotation\rice leaf caterpillar\01276-6.xml
Dataset-org\annotation\rice leaf caterpillar\01284-1.xml
Dataset-org\annotation\rice leaf caterpillar\01284-2.xml
Dataset-org\annotation\rice leaf caterpillar\01284-3.xml
Dataset-org\annotation\rice leaf caterpillar\01294-1.xml
Dataset-org\annotation\rice leaf caterpillar\01294-3.xml
Dataset-org\annotation\rice leaf caterpillar\01297-1.xml
Dataset-org\annotation\rice leaf caterpillar\01298-1.xml
Dataset-org\annotation\rice leaf caterpillar\01316-1.xml
Dataset-org\annotation\rice leaf caterpillar\01611-3.xml
Dataset-org\annotation\rice leaf caterpillar\01626-1.xml
Dataset-org\annotation\rice leaf roller\00263-1.xml
Dataset-org\annotation\rice leaf roller\00263-2.xml
Dataset-org\annotation\rice leaf roller\00265-1.xml
Dataset-org\annotation\rice leaf roller\00265-2.xml
Dataset-org\annotation\rice leaf roller\00267-1.xml
Dataset-org\images\content\images\01276.jpg
Dataset-org\images\content\images\01610.jpg
Dataset-org\images\content\images\01611.jpg
Dataset-org\images\content\images\01613.jpg
Dataset-org\images\content\images\01616.jpg
Dataset-org\images\content\images\01626.jpg
Dataset-org\images\content\images\01627.jpg
Dataset-org\images\content\images\01645.jpg
Dataset-org\images\content\images\01656.jpg
Dataset-org\images\content\images\01661.jpg
Dataset-org\images\content\images\01873.jpg
Dataset-org\images\content\images\01875.jpg
Dataset-org\images\content\images\01898.jpg
Dataset-org\images\content\images\01909.jpg
Dataset-org\images\content\images\01912.jpg
Dataset-org\images\content\images\01942.jpg
Dataset-org\images\content\images\01947.jpg
Dataset-org\images\content\images\01949.jpg